{"/Users/liwenfu/dong/dong-queue/index.js":{"path":"/Users/liwenfu/dong/dong-queue/index.js","s":{"1":1,"2":1,"3":4,"4":1,"5":6,"6":6,"7":1,"8":4,"9":4,"10":4,"11":4,"12":4,"13":2,"14":4,"15":8,"16":8,"17":5,"18":3,"19":1,"20":1},"b":{"1":[2,2],"2":[4,3],"3":[5,3],"4":[1,2]},"f":{"1":4,"2":6,"3":4,"4":8},"fnMap":{"1":{"name":"(anonymous_1)","line":10,"loc":{"start":{"line":10,"column":12},"end":{"line":10,"column":23}}},"2":{"name":"(anonymous_2)","line":14,"loc":{"start":{"line":14,"column":22},"end":{"line":14,"column":35}}},"3":{"name":"(anonymous_3)","line":20,"loc":{"start":{"line":20,"column":22},"end":{"line":20,"column":33}}},"4":{"name":"next","line":31,"loc":{"start":{"line":31,"column":3},"end":{"line":31,"column":19}}}},"statementMap":{"1":{"start":{"line":8,"column":0},"end":{"line":8,"column":34}},"2":{"start":{"line":10,"column":0},"end":{"line":12,"column":1}},"3":{"start":{"line":11,"column":2},"end":{"line":11,"column":17}},"4":{"start":{"line":14,"column":0},"end":{"line":18,"column":1}},"5":{"start":{"line":15,"column":2},"end":{"line":15,"column":36}},"6":{"start":{"line":17,"column":2},"end":{"line":17,"column":13}},"7":{"start":{"line":20,"column":0},"end":{"line":41,"column":1}},"8":{"start":{"line":21,"column":2},"end":{"line":21,"column":24}},"9":{"start":{"line":22,"column":2},"end":{"line":22,"column":11}},"10":{"start":{"line":24,"column":2},"end":{"line":24,"column":34}},"11":{"start":{"line":25,"column":2},"end":{"line":25,"column":8}},"12":{"start":{"line":27,"column":2},"end":{"line":29,"column":3}},"13":{"start":{"line":28,"column":4},"end":{"line":28,"column":19}},"14":{"start":{"line":31,"column":2},"end":{"line":40,"column":6}},"15":{"start":{"line":32,"column":4},"end":{"line":32,"column":23}},"16":{"start":{"line":34,"column":4},"end":{"line":38,"column":5}},"17":{"start":{"line":35,"column":6},"end":{"line":35,"column":39}},"18":{"start":{"line":36,"column":11},"end":{"line":38,"column":5}},"19":{"start":{"line":37,"column":6},"end":{"line":37,"column":26}},"20":{"start":{"line":43,"column":0},"end":{"line":43,"column":22}}},"branchMap":{"1":{"line":27,"type":"if","locations":[{"start":{"line":27,"column":2},"end":{"line":27,"column":2}},{"start":{"line":27,"column":2},"end":{"line":27,"column":2}}]},"2":{"line":27,"type":"binary-expr","locations":[{"start":{"line":27,"column":6},"end":{"line":27,"column":17}},{"start":{"line":27,"column":21},"end":{"line":27,"column":63}}]},"3":{"line":34,"type":"if","locations":[{"start":{"line":34,"column":4},"end":{"line":34,"column":4}},{"start":{"line":34,"column":4},"end":{"line":34,"column":4}}]},"4":{"line":36,"type":"if","locations":[{"start":{"line":36,"column":11},"end":{"line":36,"column":11}},{"start":{"line":36,"column":11},"end":{"line":36,"column":11}}]}}}}