TN:
SF:/Users/liwenfu/dong/dong-queue/index.js
FN:10,(anonymous_1)
FN:14,(anonymous_2)
FN:20,(anonymous_3)
FN:31,next
FNF:4
FNH:4
FNDA:4,(anonymous_1)
FNDA:6,(anonymous_2)
FNDA:4,(anonymous_3)
FNDA:8,next
DA:8,1
DA:10,1
DA:11,4
DA:14,1
DA:15,6
DA:17,6
DA:20,1
DA:21,4
DA:22,4
DA:24,4
DA:25,4
DA:27,4
DA:28,2
DA:31,4
DA:32,8
DA:34,8
DA:35,5
DA:36,3
DA:37,1
DA:43,1
LF:20
LH:20
BRDA:27,1,0,2
BRDA:27,1,1,2
BRDA:27,2,0,4
BRDA:27,2,1,3
BRDA:34,3,0,5
BRDA:34,3,1,3
BRDA:36,4,0,1
BRDA:36,4,1,2
BRF:8
BRH:8
end_of_record
